<?xml version="1.0" encoding="UTF-8"?>
<testsuite xmlns:xsi="http://www.w3.org/2001/XMLSchema-instance" xsi:noNamespaceSchemaLocation="https://maven.apache.org/surefire/maven-surefire-plugin/xsd/surefire-test-report.xsd" name="TestSuite" time="50.932" tests="1" errors="0" skipped="0" failures="1">
  <properties>
[...]
</properties>
  <testcase name="CheckFlightsFromToCity" classname="com.qa.testscript.TC_MakeMyTrip_002" time="43.688">
    <failure message="Unable to locate element: //a[@id=&apos;webklipper-publisher-widget-container-notification-close-div&apos;]//i&#10;For documentation on this error, please visit: https://www.seleniumhq.org/exceptions/no_such_element.html&#10;Build info: version: &apos;3.141.59&apos;, revision: &apos;e82be7d358&apos;, time: &apos;2018-11-14T08:17:03&apos;&#10;System info: host: &apos;EA546576B62157B&apos;, ip: &apos;172.19.38.150&apos;, os.name: &apos;Windows 10&apos;, os.arch: &apos;amd64&apos;, os.version: &apos;10.0&apos;, java.version: &apos;11.0.11&apos;&#10;Driver info: org.openqa.selenium.firefox.FirefoxDriver&#10;Capabilities {acceptInsecureCerts: true, browserName: firefox, browserVersion: 117.0.1, javascriptEnabled: true, moz:accessibilityChecks: false, moz:buildID: 20230912013654, moz:geckodriverVersion: 0.33.0, moz:headless: false, moz:platformVersion: 10.0, moz:processID: 11708, moz:profile: C:\Users\ADMINI~1\AppData\L..., moz:shutdownTimeout: 60000, moz:webdriverClick: true, moz:windowless: false, pageLoadStrategy: normal, platform: WINDOWS, platformName: WINDOWS, proxy: Proxy(), setWindowRect: true, strictFileInteractability: false, timeouts: {implicit: 0, pageLoad: 300000, script: 30000}, unhandledPromptBehavior: dismiss and notify}&#10;Session ID: ae9c80d5-cbdb-4700-9bec-e5e3c109e257&#10;*** Element info: {Using=xpath, value=//a[@id=&apos;webklipper-publisher-widget-container-notification-close-div&apos;]//i}" type="org.openqa.selenium.NoSuchElementException">org.openqa.selenium.NoSuchElementException: 
Unable to locate element: //a[@id='webklipper-publisher-widget-container-notification-close-div']//i
For documentation on this error, please visit: https://www.seleniumhq.org/exceptions/no_such_element.html
Build info: version: '3.141.59', revision: 'e82be7d358', time: '2018-11-14T08:17:03'
System info: host: 'EA546576B62157B', ip: '172.19.38.150', os.name: 'Windows 10', os.arch: 'amd64', os.version: '10.0', java.version: '11.0.11'
Driver info: org.openqa.selenium.firefox.FirefoxDriver
Capabilities {acceptInsecureCerts: true, browserName: firefox, browserVersion: 117.0.1, javascriptEnabled: true, moz:accessibilityChecks: false, moz:buildID: 20230912013654, moz:geckodriverVersion: 0.33.0, moz:headless: false, moz:platformVersion: 10.0, moz:processID: 11708, moz:profile: C:\Users\ADMINI~1\AppData\L..., moz:shutdownTimeout: 60000, moz:webdriverClick: true, moz:windowless: false, pageLoadStrategy: normal, platform: WINDOWS, platformName: WINDOWS, proxy: Proxy(), setWindowRect: true, strictFileInteractability: false, timeouts: {implicit: 0, pageLoad: 300000, script: 30000}, unhandledPromptBehavior: dismiss and notify}
Session ID: ae9c80d5-cbdb-4700-9bec-e5e3c109e257
*** Element info: {Using=xpath, value=//a[@id='webklipper-publisher-widget-container-notification-close-div']//i}
	at com.qa.testscript.TC_MakeMyTrip_002.CheckFlightsFromToCity(TC_MakeMyTrip_002.java:17)
</failure>
    <system-err><![CDATA[SLF4J: Failed to load class "org.slf4j.impl.StaticLoggerBinder".
SLF4J: Defaulting to no-operation (NOP) logger implementation
SLF4J: See http://www.slf4j.org/codes.html#StaticLoggerBinder for further details.
1695301049691	geckodriver	INFO	Listening on 127.0.0.1:27788
1695301050382	mozrunner::runner	INFO	Running command: "C:\\Program Files\\Mozilla Firefox\\firefox.exe" "--marionette" "-no-remote" "-profile" "C:\\Users\\ADMINI~1\\AppData\\Local\\Temp\\rust_mozprofilejTvwu9"
console.warn: services.settings: Ignoring preference override of remote settings server
console.warn: services.settings: Allow by setting MOZ_REMOTE_SETTINGS_DEVTOOLS=1 in the environment
1695301050794	Marionette	INFO	Marionette enabled
Dynamically enable window occlusion 0
1695301050883	Marionette	INFO	Listening on port 60180
Read port: 60180
1695301051124	RemoteAgent	WARN	TLS certificate errors will be ignored for this session
Sep 21, 2023 6:27:32 PM org.openqa.selenium.remote.ProtocolHandshake createSession
INFO: Detected dialect: W3C
JavaScript warning: https://www.makemytrip.com/tofaglpEysdCK5X_1ho0HvIx/Q55LSNh8cbcu/MQ0HR28B/XF5iM/kh1QkkB, line 1: unreachable code after return statement
1695301053404	Marionette	WARN	Ignoring event 'pageshow' because document has an invalid readyState of 'interactive'.
JavaScript warning: https://www.makemytrip.com/tofaglpEysdCK5X_1ho0HvIx/Q55LSNh8cbcu/MQ0HR28B/XF5iM/kh1QkkB, line 1: WEBGL_debug_renderer_info is deprecated in Firefox and will be removed. Please use RENDERER.
JavaScript warning: https://www.makemytrip.com/tofaglpEysdCK5X_1ho0HvIx/Q55LSNh8cbcu/MQ0HR28B/XF5iM/kh1QkkB, line 1: WEBGL_debug_renderer_info is deprecated in Firefox and will be removed. Please use RENDERER.
JavaScript warning: https://www.makemytrip.com/tofaglpEysdCK5X_1ho0HvIx/Q55LSNh8cbcu/MQ0HR28B/XF5iM/kh1QkkB, line 1: WEBGL_debug_renderer_info is deprecated in Firefox and will be removed. Please use RENDERER.
1695301056934	Marionette	WARN	Ignoring event 'pageshow' because document has an invalid readyState of 'interactive'.
JavaScript warning: https://ssl.widgets.webengage.com/js/jquery/jquery-1.3.2.min.js, line 19: unreachable code after return statement
console.warn: services.settings: Ignoring preference override of remote settings server
console.warn: services.settings: Allow by setting MOZ_REMOTE_SETTINGS_DEVTOOLS=1 in the environment
console.error: (new TypeError("lazy.AsyncShutdown.profileBeforeChange is undefined", "resource://services-settings/Database.sys.mjs", 593))
JavaScript warning: https://www.makemytrip.com/tofaglpEysdCK5X_1ho0HvIx/Q55LSNh8cbcu/MQ0HR28B/XF5iM/kh1QkkB, line 1: unreachable code after return statement
1695301066758	Marionette	WARN	Ignoring event 'pageshow' because document has an invalid readyState of 'interactive'.
JavaScript warning: https://www.makemytrip.com/tofaglpEysdCK5X_1ho0HvIx/Q55LSNh8cbcu/MQ0HR28B/XF5iM/kh1QkkB, line 1: WEBGL_debug_renderer_info is deprecated in Firefox and will be removed. Please use RENDERER.
JavaScript warning: https://www.makemytrip.com/tofaglpEysdCK5X_1ho0HvIx/Q55LSNh8cbcu/MQ0HR28B/XF5iM/kh1QkkB, line 1: WEBGL_debug_renderer_info is deprecated in Firefox and will be removed. Please use RENDERER.
JavaScript warning: https://www.makemytrip.com/tofaglpEysdCK5X_1ho0HvIx/Q55LSNh8cbcu/MQ0HR28B/XF5iM/kh1QkkB, line 1: WEBGL_debug_renderer_info is deprecated in Firefox and will be removed. Please use RENDERER.
JavaScript warning: https://www.makemytrip.com/tofaglpEysdCK5X_1ho0HvIx/Q55LSNh8cbcu/MQ0HR28B/XF5iM/kh1QkkB, line 1: unreachable code after return statement
1695301078507	Marionette	WARN	Ignoring event 'pageshow' because document has an invalid readyState of 'interactive'.
JavaScript warning: https://www.makemytrip.com/tofaglpEysdCK5X_1ho0HvIx/Q55LSNh8cbcu/MQ0HR28B/XF5iM/kh1QkkB, line 1: WEBGL_debug_renderer_info is deprecated in Firefox and will be removed. Please use RENDERER.
JavaScript warning: https://www.makemytrip.com/tofaglpEysdCK5X_1ho0HvIx/Q55LSNh8cbcu/MQ0HR28B/XF5iM/kh1QkkB, line 1: WEBGL_debug_renderer_info is deprecated in Firefox and will be removed. Please use RENDERER.
JavaScript warning: https://www.makemytrip.com/tofaglpEysdCK5X_1ho0HvIx/Q55LSNh8cbcu/MQ0HR28B/XF5iM/kh1QkkB, line 1: WEBGL_debug_renderer_info is deprecated in Firefox and will be removed. Please use RENDERER.
]]></system-err>
  </testcase>
</testsuite>